<?xml version="1.0" encoding="UTF-8"?>
<!-- Generated by org.testng.reporters.JUnitReportReporter -->
<testsuite hostname="facundo-zalazar.local" failures="0" tests="1" name="search.TestingSearchTest" time="17.921" errors="0" timestamp="2022-11-14T09:28:17 ART" skipped="0">
  <testcase classname="search.TestingSearchTest" name="testGoogleSearch" time="17.921"/>
  <system-out/>
</testsuite> <!-- search.TestingSearchTest -->
