<?xml version="1.0" encoding="UTF-8"?>
<!-- Generated by org.testng.reporters.JUnitReportReporter -->
<testsuite hostname="facundo-zalazar.local" failures="0" tests="1" name="selenium.TestingSearchTest" time="18.674" errors="0" timestamp="2022-11-15T11:20:08 ART" skipped="0">
  <testcase classname="selenium.TestingSearchTest" name="testGoogleSearch" time="18.674"/>
  <system-out/>
</testsuite> <!-- selenium.TestingSearchTest -->
