<?xml version="1.0" encoding="UTF-8"?>
<!-- Generated by org.testng.reporters.JUnitReportReporter -->
<testsuite hostname="facundo-zalazar.local" failures="0" tests="1" name="tests.TestingSearchTest" time="14.616" errors="0" timestamp="2022-11-10T17:23:45 ART" skipped="0">
  <testcase classname="tests.TestingSearchTest" name="googleSearchTest_TestingWordandPressEnter" time="14.616"/>
  <system-out/>
</testsuite> <!-- tests.TestingSearchTest -->
