<?xml version="1.0" encoding="UTF-8"?>
<!-- Generated by org.testng.reporters.JUnitReportReporter -->
<testsuite hostname="facundo-zalazar.local" failures="0" tests="1" name="search.TestingSearchTest" time="17.018" errors="0" timestamp="2022-11-13T19:28:56 ART" skipped="0">
  <testcase classname="search.TestingSearchTest" name="googleSearchTest_TestingWordandPressEnter" time="17.018"/>
  <system-out/>
</testsuite> <!-- search.TestingSearchTest -->
